2022-04-15T06:22:39+00:00 CRITICAL syntax error, unexpected ',' in G:\Outsource\Nafseer\Be Unique\Application\wp-content\themes\blanche-theme\tpl-home.php on line 53

2022-04-15T06:22:51+00:00 CRITICAL syntax error, unexpected ')' in G:\Outsource\Nafseer\Be Unique\Application\wp-content\themes\blanche-theme\tpl-home.php on line 54

2022-04-15T06:23:02+00:00 CRITICAL syntax error, unexpected ',' in G:\Outsource\Nafseer\Be Unique\Application\wp-content\themes\blanche-theme\tpl-home.php on line 53

2022-04-15T06:44:41+00:00 CRITICAL syntax error, unexpected ')' in G:\Outsource\Nafseer\Be Unique\Application\wp-content\themes\blanche-theme\tpl-home.php on line 57

2022-04-15T06:51:28+00:00 CRITICAL syntax error, unexpected ')' in G:\Outsource\Nafseer\Be Unique\Application\wp-content\themes\blanche-theme\tpl-home.php on line 58

2022-04-15T06:54:24+00:00 CRITICAL syntax error, unexpected end of file in G:\Outsource\Nafseer\Be Unique\Application\wp-content\themes\blanche-theme\tpl-home.php on line 94

2022-04-15T08:17:28+00:00 CRITICAL Uncaught Error: Call to undefined function the_field() in G:\Outsource\Nafseer\Be Unique\Application\wp-content\themes\blanche-theme\footer.php:8
Stack trace:
#0 G:\Outsource\Nafseer\Be Unique\Application\wp-includes\template.php(770): require_once()
#1 G:\Outsource\Nafseer\Be Unique\Application\wp-includes\template.php(716): load_template('G:\\Outsource\\Na...', true, Array)
#2 G:\Outsource\Nafseer\Be Unique\Application\wp-includes\general-template.php(92): locate_template(Array, true, true, Array)
#3 G:\Outsource\Nafseer\Be Unique\Application\wp-content\themes\blanche-theme\tpl-home.php(139): get_footer()
#4 G:\Outsource\Nafseer\Be Unique\Application\wp-includes\template-loader.php(106): include('G:\\Outsource\\Na...')
#5 G:\Outsource\Nafseer\Be Unique\Application\wp-blog-header.php(19): require_once('G:\\Outsource\\Na...')
#6 G:\Outsource\Nafseer\Be Unique\Application\index.php(17): require('G:\\Outsource\\Na...')
#7 {main}
  thrown in G:\Outsource\Nafseer\Be Unique\Application\wp-content\themes\blanche-theme\footer.php on line 8

2022-04-15T08:17:30+00:00 CRITICAL Uncaught Error: Call to undefined function the_field() in G:\Outsource\Nafseer\Be Unique\Application\wp-content\themes\blanche-theme\footer.php:8
Stack trace:
#0 G:\Outsource\Nafseer\Be Unique\Application\wp-includes\template.php(770): require_once()
#1 G:\Outsource\Nafseer\Be Unique\Application\wp-includes\template.php(716): load_template('G:\\Outsource\\Na...', true, Array)
#2 G:\Outsource\Nafseer\Be Unique\Application\wp-includes\general-template.php(92): locate_template(Array, true, true, Array)
#3 G:\Outsource\Nafseer\Be Unique\Application\wp-content\themes\blanche-theme\404.php(10): get_footer()
#4 G:\Outsource\Nafseer\Be Unique\Application\wp-includes\template-loader.php(106): include('G:\\Outsource\\Na...')
#5 G:\Outsource\Nafseer\Be Unique\Application\wp-blog-header.php(19): require_once('G:\\Outsource\\Na...')
#6 G:\Outsource\Nafseer\Be Unique\Application\index.php(17): require('G:\\Outsource\\Na...')
#7 {main}
  thrown in G:\Outsource\Nafseer\Be Unique\Application\wp-content\themes\blanche-theme\footer.php on line 8

2022-04-15T08:18:34+00:00 CRITICAL Uncaught Error: Call to undefined function the_field() in G:\Outsource\Nafseer\Be Unique\Application\wp-content\themes\blanche-theme\footer.php:8
Stack trace:
#0 G:\Outsource\Nafseer\Be Unique\Application\wp-includes\template.php(770): require_once()
#1 G:\Outsource\Nafseer\Be Unique\Application\wp-includes\template.php(716): load_template('G:\\Outsource\\Na...', true, Array)
#2 G:\Outsource\Nafseer\Be Unique\Application\wp-includes\general-template.php(92): locate_template(Array, true, true, Array)
#3 G:\Outsource\Nafseer\Be Unique\Application\wp-content\themes\blanche-theme\tpl-home.php(139): get_footer()
#4 G:\Outsource\Nafseer\Be Unique\Application\wp-includes\template-loader.php(106): include('G:\\Outsource\\Na...')
#5 G:\Outsource\Nafseer\Be Unique\Application\wp-blog-header.php(19): require_once('G:\\Outsource\\Na...')
#6 G:\Outsource\Nafseer\Be Unique\Application\index.php(17): require('G:\\Outsource\\Na...')
#7 {main}
  thrown in G:\Outsource\Nafseer\Be Unique\Application\wp-content\themes\blanche-theme\footer.php on line 8

2022-04-15T08:18:35+00:00 CRITICAL Uncaught Error: Call to undefined function the_field() in G:\Outsource\Nafseer\Be Unique\Application\wp-content\themes\blanche-theme\footer.php:8
Stack trace:
#0 G:\Outsource\Nafseer\Be Unique\Application\wp-includes\template.php(770): require_once()
#1 G:\Outsource\Nafseer\Be Unique\Application\wp-includes\template.php(716): load_template('G:\\Outsource\\Na...', true, Array)
#2 G:\Outsource\Nafseer\Be Unique\Application\wp-includes\general-template.php(92): locate_template(Array, true, true, Array)
#3 G:\Outsource\Nafseer\Be Unique\Application\wp-content\themes\blanche-theme\404.php(10): get_footer()
#4 G:\Outsource\Nafseer\Be Unique\Application\wp-includes\template-loader.php(106): include('G:\\Outsource\\Na...')
#5 G:\Outsource\Nafseer\Be Unique\Application\wp-blog-header.php(19): require_once('G:\\Outsource\\Na...')
#6 G:\Outsource\Nafseer\Be Unique\Application\index.php(17): require('G:\\Outsource\\Na...')
#7 {main}
  thrown in G:\Outsource\Nafseer\Be Unique\Application\wp-content\themes\blanche-theme\footer.php on line 8

2022-04-15T08:19:06+00:00 CRITICAL Uncaught Error: Call to undefined function the_field() in G:\Outsource\Nafseer\Be Unique\Application\wp-content\themes\blanche-theme\footer.php:21
Stack trace:
#0 G:\Outsource\Nafseer\Be Unique\Application\wp-includes\template.php(770): require_once()
#1 G:\Outsource\Nafseer\Be Unique\Application\wp-includes\template.php(716): load_template('G:\\Outsource\\Na...', true, Array)
#2 G:\Outsource\Nafseer\Be Unique\Application\wp-includes\general-template.php(92): locate_template(Array, true, true, Array)
#3 G:\Outsource\Nafseer\Be Unique\Application\wp-content\themes\blanche-theme\tpl-home.php(139): get_footer()
#4 G:\Outsource\Nafseer\Be Unique\Application\wp-includes\template-loader.php(106): include('G:\\Outsource\\Na...')
#5 G:\Outsource\Nafseer\Be Unique\Application\wp-blog-header.php(19): require_once('G:\\Outsource\\Na...')
#6 G:\Outsource\Nafseer\Be Unique\Application\index.php(17): require('G:\\Outsource\\Na...')
#7 {main}
  thrown in G:\Outsource\Nafseer\Be Unique\Application\wp-content\themes\blanche-theme\footer.php on line 21

2022-04-15T08:19:08+00:00 CRITICAL Uncaught Error: Call to undefined function the_field() in G:\Outsource\Nafseer\Be Unique\Application\wp-content\themes\blanche-theme\footer.php:21
Stack trace:
#0 G:\Outsource\Nafseer\Be Unique\Application\wp-includes\template.php(770): require_once()
#1 G:\Outsource\Nafseer\Be Unique\Application\wp-includes\template.php(716): load_template('G:\\Outsource\\Na...', true, Array)
#2 G:\Outsource\Nafseer\Be Unique\Application\wp-includes\general-template.php(92): locate_template(Array, true, true, Array)
#3 G:\Outsource\Nafseer\Be Unique\Application\wp-content\themes\blanche-theme\404.php(10): get_footer()
#4 G:\Outsource\Nafseer\Be Unique\Application\wp-includes\template-loader.php(106): include('G:\\Outsource\\Na...')
#5 G:\Outsource\Nafseer\Be Unique\Application\wp-blog-header.php(19): require_once('G:\\Outsource\\Na...')
#6 G:\Outsource\Nafseer\Be Unique\Application\index.php(17): require('G:\\Outsource\\Na...')
#7 {main}
  thrown in G:\Outsource\Nafseer\Be Unique\Application\wp-content\themes\blanche-theme\footer.php on line 21

